<?xml version="1.0" encoding="UTF-8"?>
<!-- Generated by org.testng.reporters.JUnitReportReporter -->
<testsuite hostname="DESKTOP-DIJCUJP" failures="0" tests="2" name="types_of_execution.Demo5" time="0.004" errors="0" timestamp="2025-09-21T15:45:39 IST" skipped="0">
  <testcase classname="types_of_execution.Demo5" name="case6" time="0.002"/>
  <testcase classname="types_of_execution.Demo5" name="case8" time="0.002"/>
</testsuite> <!-- types_of_execution.Demo5 -->
