<?xml version="1.0" encoding="UTF-8"?>
<!-- Generated by org.testng.reporters.JUnitReportReporter -->
<testsuite hostname="DESKTOP-DIJCUJP" failures="0" tests="4" name="types_of_execution.Parallel_Execution" time="0.013" errors="0" timestamp="2025-09-15T20:07:25 IST" skipped="0">
  <testcase classname="types_of_execution.Parallel_Execution" name="case1" time="0.009"/>
  <testcase classname="types_of_execution.Parallel_Execution" name="case2" time="0.002"/>
  <testcase classname="types_of_execution.Parallel_Execution" name="case4" time="0.001"/>
  <testcase classname="types_of_execution.Parallel_Execution" name="case3" time="0.001"/>
</testsuite> <!-- types_of_execution.Parallel_Execution -->
