<?xml version="1.0" encoding="UTF-8"?>
<!-- Generated by org.testng.reporters.JUnitReportReporter -->
<testsuite hostname="DESKTOP-DIJCUJP" failures="0" tests="1" name="testNGextra.Execution" time="0.008" errors="0" timestamp="2025-09-22T21:38:00 IST" skipped="0">
  <testcase classname="testNGextra.Execution" name="orgTest" time="0.008">
    <system-out>
      <![CDATA[Create organization]]>
    </system-out>
  </testcase> <!-- orgTest -->
  <system-out>
    <![CDATA[Create organization
browser close
post condition
Database connectivity close + Report Backup]]>
  </system-out>
</testsuite> <!-- testNGextra.Execution -->
