<?xml version="1.0" encoding="UTF-8"?>
<!-- Generated by org.testng.reporters.JUnitReportReporter -->
<testsuite hostname="DESKTOP-DIJCUJP" failures="0" tests="2" name="types_of_execution.Demo16" time="0.008" errors="0" timestamp="2025-09-22T20:06:25 IST" skipped="0">
  <testcase classname="types_of_execution.Demo16" name="case8" time="0.005"/>
  <testcase classname="types_of_execution.Demo16" name="case6" time="0.003"/>
</testsuite> <!-- types_of_execution.Demo16 -->
