<?xml version="1.0" encoding="UTF-8"?>
<!-- Generated by org.testng.reporters.JUnitReportReporter -->
<testsuite hostname="DESKTOP-DIJCUJP" failures="0" tests="4" name="TestNgExtara.DemoForIgnoringTestCase" time="0.016" errors="0" timestamp="2025-09-11T21:21:37 IST" skipped="2">
  <testcase classname="TestNgExtara.DemoForIgnoringTestCase" name="login" time="0.014"/>
  <testcase classname="TestNgExtara.DemoForIgnoringTestCase" name="payment" time="0.002"/>
  <testcase classname="TestNgExtara.DemoForIgnoringTestCase" name="search">
    <skipped/>
  </testcase> <!-- search -->
  <testcase classname="TestNgExtara.DemoForIgnoringTestCase" name="AddtoCart">
    <skipped/>
  </testcase> <!-- AddtoCart -->
</testsuite> <!-- TestNgExtara.DemoForIgnoringTestCase -->
