<?xml version="1.0" encoding="UTF-8"?>
<!-- Generated by org.testng.reporters.JUnitReportReporter -->
<testsuite hostname="DESKTOP-DIJCUJP" failures="0" tests="1" name="types_of_execution.Batch_Execution2" time="29.714" errors="0" timestamp="2025-09-15T21:07:33 IST" skipped="0">
  <testcase classname="types_of_execution.Batch_Execution2" name="case2" time="29.714"/>
</testsuite> <!-- types_of_execution.Batch_Execution2 -->
