<?xml version="1.0" encoding="UTF-8"?>
<!-- Generated by org.testng.reporters.JUnitReportReporter -->
<testsuite hostname="DESKTOP-DIJCUJP" failures="0" tests="1" name="types_of_execution.Demo2" time="11.094" errors="0" timestamp="2025-09-22T16:48:49 IST" skipped="0">
  <testcase classname="types_of_execution.Demo2" name="case3" time="11.094"/>
</testsuite> <!-- types_of_execution.Demo2 -->
