<?xml version="1.0" encoding="UTF-8"?>
<!-- Generated by org.testng.reporters.JUnitReportReporter -->
<testsuite hostname="DESKTOP-DIJCUJP" failures="0" tests="1" name="types_of_execution.Batch_Execution" time="4.680" errors="0" timestamp="2025-09-15T21:07:33 IST" skipped="0">
  <testcase classname="types_of_execution.Batch_Execution" name="case1" time="4.680"/>
</testsuite> <!-- types_of_execution.Batch_Execution -->
