<?xml version="1.0" encoding="UTF-8"?>
<!-- Generated by org.testng.reporters.JUnitReportReporter -->
<testsuite hostname="DESKTOP-DIJCUJP" failures="0" tests="3" name="TestNgExtara.PriorityCity" time="0.017" errors="0" timestamp="2025-09-11T22:15:39 IST" skipped="0">
  <testcase classname="TestNgExtara.PriorityCity" name="createCity" time="0.013"/>
  <testcase classname="TestNgExtara.PriorityCity" name="modifyCity" time="0.002"/>
  <testcase classname="TestNgExtara.PriorityCity" name="DeleteCity" time="0.002"/>
</testsuite> <!-- TestNgExtara.PriorityCity -->
