<?xml version="1.0" encoding="UTF-8"?>
<!-- Generated by org.testng.reporters.JUnitReportReporter -->
<testsuite hostname="DESKTOP-DIJCUJP" failures="0" tests="3" name="testNGextra.Demo1" time="0.014" errors="0" timestamp="2025-09-22T21:38:39 IST" skipped="0">
  <testcase classname="testNGextra.Demo1" name="case2" time="0.002"/>
  <testcase classname="testNGextra.Demo1" name="case3" time="0.001"/>
  <testcase classname="testNGextra.Demo1" name="case1" time="0.011"/>
</testsuite> <!-- testNGextra.Demo1 -->
