<?xml version="1.0" encoding="UTF-8"?>
<!-- Generated by org.testng.reporters.JUnitReportReporter -->
<testsuite hostname="DESKTOP-DIJCUJP" failures="0" tests="4" name="TestNgExtara.InvocationCountForLoginFb" time="24.285" errors="0" timestamp="2025-09-12T01:45:54 IST" skipped="0">
  <testcase classname="TestNgExtara.InvocationCountForLoginFb" name="LoginIntoFacebook" time="6.577"/>
  <testcase classname="TestNgExtara.InvocationCountForLoginFb" name="LoginIntoFacebook" time="5.900"/>
  <testcase classname="TestNgExtara.InvocationCountForLoginFb" name="LoginIntoFacebook" time="5.865"/>
  <testcase classname="TestNgExtara.InvocationCountForLoginFb" name="LoginIntoFacebook" time="5.943"/>
</testsuite> <!-- TestNgExtara.InvocationCountForLoginFb -->
