<?xml version="1.0" encoding="UTF-8"?>
<!-- Generated by org.testng.reporters.JUnitReportReporter -->
<testsuite hostname="DESKTOP-DIJCUJP" failures="0" tests="3" name="HeperAttributes_TestNgExtara.PriorityCity" time="0.011" errors="0" timestamp="2025-09-12T01:53:16 IST" skipped="0">
  <testcase classname="HeperAttributes_TestNgExtara.PriorityCity" name="createCity" time="0.009"/>
  <testcase classname="HeperAttributes_TestNgExtara.PriorityCity" name="modifyCity" time="0.000"/>
  <testcase classname="HeperAttributes_TestNgExtara.PriorityCity" name="DeleteCity" time="0.002"/>
</testsuite> <!-- HeperAttributes_TestNgExtara.PriorityCity -->
