<?xml version="1.0" encoding="UTF-8"?>
<!-- Generated by org.testng.reporters.JUnitReportReporter -->
<testsuite hostname="DESKTOP-DIJCUJP" failures="0" tests="4" name="HeperAttributes_TestNgExtara.DemoForIgnoringTestCase" time="0.014" errors="0" timestamp="2025-09-21T03:41:32 IST" skipped="2">
  <testcase classname="HeperAttributes_TestNgExtara.DemoForIgnoringTestCase" name="payment" time="0.002"/>
  <testcase classname="HeperAttributes_TestNgExtara.DemoForIgnoringTestCase" name="login" time="0.012"/>
  <testcase classname="HeperAttributes_TestNgExtara.DemoForIgnoringTestCase" name="AddtoCart">
    <skipped/>
  </testcase> <!-- AddtoCart -->
  <testcase classname="HeperAttributes_TestNgExtara.DemoForIgnoringTestCase" name="search">
    <skipped/>
  </testcase> <!-- search -->
</testsuite> <!-- HeperAttributes_TestNgExtara.DemoForIgnoringTestCase -->
