<?xml version="1.0" encoding="UTF-8"?>
<!-- Generated by org.testng.reporters.JUnitReportReporter -->
<testsuite hostname="DESKTOP-DIJCUJP" failures="0" tests="1" name="Report_Generate.Facebook" time="6.684" errors="0" timestamp="2025-09-24T01:56:51 IST" skipped="0">
  <testcase classname="Report_Generate.Facebook" name="login" time="6.684"/>
</testsuite> <!-- Report_Generate.Facebook -->
