<?xml version="1.0" encoding="UTF-8"?>
<!-- Generated by org.testng.reporters.JUnitReportReporter -->
<testsuite hostname="DESKTOP-DIJCUJP" failures="0" tests="2" name="testNGextra.Executionn" time="0.017" errors="0" timestamp="2025-09-17T09:42:40 IST" skipped="0">
  <testcase classname="testNGextra.Executionn" name="orgTest" time="0.008">
    <system-out>
      <![CDATA[Create organization]]>
    </system-out>
  </testcase> <!-- orgTest -->
  <testcase classname="testNGextra.Executionn" name="conTest" time="0.009">
    <system-out>
      <![CDATA[Create contact]]>
    </system-out>
  </testcase> <!-- conTest -->
  <system-out>
    <![CDATA[Create contact
Create organization
browser close
post condition
Database connectivity close + Report Backup]]>
  </system-out>
</testsuite> <!-- testNGextra.Executionn -->
