<?xml version="1.0" encoding="UTF-8"?>
<!-- Generated by org.testng.reporters.JUnitReportReporter -->
<testsuite hostname="DESKTOP-DIJCUJP" failures="0" tests="1" name="types_of_execution.Demo6" time="4.231" errors="0" timestamp="2025-09-22T19:49:07 IST" skipped="0">
  <testcase classname="types_of_execution.Demo6" name="case1" time="4.231"/>
</testsuite> <!-- types_of_execution.Demo6 -->
