<?xml version="1.0" encoding="UTF-8"?>
<!-- Generated by org.testng.reporters.JUnitReportReporter -->
<testsuite hostname="DESKTOP-DIJCUJP" failures="0" tests="4" name="types_of_execution.Group_Execution" time="0.015" errors="0" timestamp="2025-09-15T20:05:24 IST" skipped="0">
  <testcase classname="types_of_execution.Group_Execution" name="case1" time="0.011"/>
  <testcase classname="types_of_execution.Group_Execution" name="case2" time="0.002"/>
  <testcase classname="types_of_execution.Group_Execution" name="case4" time="0.000"/>
  <testcase classname="types_of_execution.Group_Execution" name="case3" time="0.002"/>
</testsuite> <!-- types_of_execution.Group_Execution -->
