<?xml version="1.0" encoding="UTF-8"?>
<!-- Generated by org.testng.reporters.JUnitReportReporter -->
<testsuite hostname="DESKTOP-DIJCUJP" failures="0" tests="1" name="types_of_execution.Demo12" time="7.109" errors="0" timestamp="2025-09-22T20:05:51 IST" skipped="0">
  <testcase classname="types_of_execution.Demo12" name="case3" time="7.109"/>
</testsuite> <!-- types_of_execution.Demo12 -->
