<?xml version="1.0" encoding="UTF-8"?>
<!-- Generated by org.testng.reporters.JUnitReportReporter -->
<testsuite hostname="DESKTOP-DIJCUJP" failures="0" tests="1" name="cross_browser_testing.Demo2Test" time="14.121" errors="0" timestamp="2025-09-22T19:58:33 IST" skipped="0">
  <testcase classname="cross_browser_testing.Demo2Test" name="case1" time="14.121"/>
</testsuite> <!-- cross_browser_testing.Demo2Test -->
