<?xml version="1.0" encoding="UTF-8"?>
<!-- Generated by org.testng.reporters.JUnitReportReporter -->
<testsuite hostname="DESKTOP-DIJCUJP" failures="0" tests="1" name="cross_browser_testing.Demo1Test" time="8.858" errors="0" timestamp="2025-09-22T19:58:33 IST" skipped="0">
  <testcase classname="cross_browser_testing.Demo1Test" name="case1" time="8.858"/>
</testsuite> <!-- cross_browser_testing.Demo1Test -->
