<?xml version="1.0" encoding="UTF-8"?>
<!-- Generated by org.testng.reporters.JUnitReportReporter -->
<testsuite hostname="DESKTOP-DIJCUJP" failures="0" tests="1" name="types_of_execution.Demo3" time="9.118" errors="0" timestamp="2025-09-22T16:48:49 IST" skipped="0">
  <testcase classname="types_of_execution.Demo3" name="case2" time="9.118"/>
</testsuite> <!-- types_of_execution.Demo3 -->
