<?xml version="1.0" encoding="UTF-8"?>
<!-- Generated by org.testng.reporters.JUnitReportReporter -->
<testsuite hostname="DESKTOP-DIJCUJP" failures="0" tests="3" name="types_of_execution.Demo4" time="0.016" errors="0" timestamp="2025-09-21T15:45:39 IST" skipped="0">
  <testcase classname="types_of_execution.Demo4" name="case4" time="0.003"/>
  <testcase classname="types_of_execution.Demo4" name="case2" time="0.002"/>
  <testcase classname="types_of_execution.Demo4" name="case1" time="0.011"/>
</testsuite> <!-- types_of_execution.Demo4 -->
